<?xml version="1.0" encoding="UTF-8"?>
<testsuite name="com.health.nutrisync.NutrisyncApplicationTests" tests="1" skipped="0" failures="0" errors="0" timestamp="2025-02-22T00:23:12" hostname="Ferrari.local" time="0.227">
  <properties/>
  <testcase name="contextLoads()" classname="com.health.nutrisync.NutrisyncApplicationTests" time="0.227"/>
  <system-out><![CDATA[05:53:07.802 [Test worker] INFO org.springframework.test.context.support.AnnotationConfigContextLoaderUtils -- Could not detect default configuration classes for test class [com.health.nutrisync.NutrisyncApplicationTests]: NutrisyncApplicationTests does not declare any static, non-private, non-final, nested classes annotated with @Configuration.
05:53:07.833 [Test worker] INFO org.springframework.boot.test.context.SpringBootTestContextBootstrapper -- Found @SpringBootConfiguration com.health.nutrisync.NutrisyncApplication for test class com.health.nutrisync.NutrisyncApplicationTests

  .   ____          _            __ _ _
 /\\ / ___'_ __ _ _(_)_ __  __ _ \ \ \ \
( ( )\___ | '_ | '_| | '_ \/ _` | \ \ \ \
 \\/  ___)| |_)| | | | | || (_| |  ) ) ) )
  '  |____| .__|_| |_|_| |_\__, | / / / /
 =========|_|==============|___/=/_/_/_/

 :: Spring Boot ::                (v3.4.3)

2025-02-22T05:53:07.953+05:30  INFO 10246 --- [nutrisync] [    Test worker] c.h.nutrisync.NutrisyncApplicationTests  : Starting NutrisyncApplicationTests using Java 17.0.12 with PID 10246 (started by fahadh in /Users/fahadh/Desktop/ME/Tech/Full Stack Development/NutriSync/NutriSync-API)
2025-02-22T05:53:07.954+05:30  INFO 10246 --- [nutrisync] [    Test worker] c.h.nutrisync.NutrisyncApplicationTests  : No active profile set, falling back to 1 default profile: "default"
2025-02-22T05:53:08.137+05:30  INFO 10246 --- [nutrisync] [    Test worker] .s.d.r.c.RepositoryConfigurationDelegate : Bootstrapping Spring Data JPA repositories in DEFAULT mode.
2025-02-22T05:53:08.154+05:30  INFO 10246 --- [nutrisync] [    Test worker] .s.d.r.c.RepositoryConfigurationDelegate : Finished Spring Data repository scanning in 13 ms. Found 1 JPA repository interface.
2025-02-22T05:53:08.279+05:30  INFO 10246 --- [nutrisync] [    Test worker] o.hibernate.jpa.internal.util.LogHelper  : HHH000204: Processing PersistenceUnitInfo [name: default]
2025-02-22T05:53:08.294+05:30  INFO 10246 --- [nutrisync] [    Test worker] org.hibernate.Version                    : HHH000412: Hibernate ORM core version 6.6.8.Final
2025-02-22T05:53:08.304+05:30  INFO 10246 --- [nutrisync] [    Test worker] o.h.c.internal.RegionFactoryInitiator    : HHH000026: Second-level cache disabled
2025-02-22T05:53:08.388+05:30  INFO 10246 --- [nutrisync] [    Test worker] o.s.o.j.p.SpringPersistenceUnitInfo      : No LoadTimeWeaver setup: ignoring JPA class transformer
2025-02-22T05:53:08.397+05:30  INFO 10246 --- [nutrisync] [    Test worker] com.zaxxer.hikari.HikariDataSource       : HikariPool-1 - Starting...
2025-02-22T05:53:12.050+05:30  INFO 10246 --- [nutrisync] [    Test worker] com.zaxxer.hikari.pool.HikariPool        : HikariPool-1 - Added connection org.postgresql.jdbc.PgConnection@225e09f0
2025-02-22T05:53:12.051+05:30  INFO 10246 --- [nutrisync] [    Test worker] com.zaxxer.hikari.HikariDataSource       : HikariPool-1 - Start completed.
2025-02-22T05:53:12.326+05:30  INFO 10246 --- [nutrisync] [    Test worker] org.hibernate.orm.connections.pooling    : HHH10001005: Database info:
	Database JDBC URL [Connecting through datasource 'HikariDataSource (HikariPool-1)']
	Database driver: undefined/unknown
	Database version: 15.8
	Autocommit mode: undefined/unknown
	Isolation level: undefined/unknown
	Minimum pool size: undefined/unknown
	Maximum pool size: undefined/unknown
2025-02-22T05:53:12.547+05:30  INFO 10246 --- [nutrisync] [    Test worker] o.h.e.t.j.p.i.JtaPlatformInitiator       : HHH000489: No JTA platform available (set 'hibernate.transaction.jta.platform' to enable JTA platform integration)
2025-02-22T05:53:12.708+05:30  INFO 10246 --- [nutrisync] [    Test worker] j.LocalContainerEntityManagerFactoryBean : Initialized JPA EntityManagerFactory for persistence unit 'default'
2025-02-22T05:53:12.850+05:30  WARN 10246 --- [nutrisync] [    Test worker] JpaBaseConfiguration$JpaWebConfiguration : spring.jpa.open-in-view is enabled by default. Therefore, database queries may be performed during view rendering. Explicitly configure spring.jpa.open-in-view to disable this warning
2025-02-22T05:53:12.966+05:30  INFO 10246 --- [nutrisync] [    Test worker] c.h.nutrisync.NutrisyncApplicationTests  : Started NutrisyncApplicationTests in 5.09 seconds (process running for 5.42)
]]></system-out>
  <system-err><![CDATA[]]></system-err>
</testsuite>
